
11월 10, 2018 03:15:23.71 NEW SESSION
11월 10, 2018 03:15:23.71 [24308:4972:1110/031523.621:ERROR:account_tracker.cc(242)] AccessTokenFetched error: Invalid credentials (2).
11월 10, 2018 04:07:02.47 [24308:4972:1110/040702.474:ERROR:http_bridge.cc(126)] NOT IMPLEMENTED
11월 10, 2018 04:07:02.81 
11월 10, 2018 04:07:02.81 KLIB_SelfTest return : KLR_OK

11월 11, 2018 01:57:39.20 NEW SESSION
11월 11, 2018 01:57:39.21 [8676:22224:1111/015739.201:ERROR:account_tracker.cc(242)] AccessTokenFetched error: Invalid credentials (2).
11월 11, 2018 01:57:39.24 [8676:22224:1111/015739.201:ERROR:account_info_fetcher.cc(59)] OnGetTokenFailure: Invalid credentials (2).
11월 11, 2018 02:25:11.87 [8676:21280:1111/022511.875:ERROR:platform_sensor_reader_win.cc(242)] NOT IMPLEMENTED
11월 11, 2018 02:25:18.18 [8676:16820:1111/022518.182:ERROR:platform_sensor_reader_win.cc(242)] NOT IMPLEMENTED
11월 11, 2018 02:25:24.09 [8676:25212:1111/022524.089:ERROR:platform_sensor_reader_win.cc(242)] NOT IMPLEMENTED
11월 11, 2018 03:35:21.23 [8676:22224:1111/033521.236:ERROR:http_bridge.cc(126)] NOT IMPLEMENTED

11월 11, 2018 19:27:25.86 NEW SESSION
11월 11, 2018 19:27:25.86 [14728:3208:1111/192725.853:ERROR:account_tracker.cc(242)] AccessTokenFetched error: Invalid credentials (2).
11월 11, 2018 19:31:15.57 [14728:3208:1111/193115.572:ERROR:http_bridge.cc(126)] NOT IMPLEMENTED
11월 11, 2018 19:31:15.79 
11월 11, 2018 19:31:15.80 KLIB_SelfTest return : KLR_OK
11월 11, 2018 19:32:36.31 [16868:20260:1111/193236.316:ERROR:account_tracker.cc(242)] AccessTokenFetched error: Invalid credentials (2).
11월 11, 2018 19:48:57.52 [16868:17464:1111/194857.515:ERROR:platform_sensor_reader_win.cc(242)] NOT IMPLEMENTED
11월 11, 2018 23:22:06.63 [16868:20260:1111/232206.225:ERROR:gcm_channel_status_request.cc(151)] GCM channel request failed.

11월 20, 2018 22:03:31.03 NEW SESSION
11월 20, 2018 22:03:31.04 [20564:8468:1120/220330.746:ERROR:connection_factory_impl.cc(400)] Failed to connect to MCS endpoint with error -106
11월 20, 2018 22:03:51.81 [20564:8468:1120/220351.810:ERROR:connection_factory_impl.cc(400)] Failed to connect to MCS endpoint with error -106

11월 27, 2018 18:43:24.01 NEW SESSION
11월 27, 2018 18:43:24.01 [15016:13484:1127/184324.011:ERROR:account_tracker.cc(242)] AccessTokenFetched error: Invalid credentials (2).
11월 27, 2018 19:13:40.80 [15016:13484:1127/191340.801:ERROR:http_bridge.cc(126)] NOT IMPLEMENTED
11월 27, 2018 19:13:40.94 [15016:4088:1127/191340.946:ERROR:service_manager_context.cc(277)] Attempting to run unsupported native service: C:\Program Files (x86)\Google\Chrome\Application\70.0.3538.110\content_browser.service.exe
11월 27, 2018 19:13:40.95 [15016:4088:1127/191340.946:ERROR:service_manager_context.cc(277)] Attempting to run unsupported native service: C:\Program Files (x86)\Google\Chrome\Application\70.0.3538.110\content_browser.service.exe
11월 27, 2018 19:13:40.95 [15016:4088:1127/191340.947:ERROR:service_manager_context.cc(277)] Attempting to run unsupported native service: C:\Program Files (x86)\Google\Chrome\Application\70.0.3538.110\content_browser.service.exe
11월 27, 2018 19:13:41.21 
11월 27, 2018 19:13:41.21 KLIB_SelfTest return : KLR_OK
